SUCCESS:COLUMN : Created 1 Column sucessfully
SUCCESS:COLUMN : Created 1 Column sucessfully
SUCCESS:COLUMN : Created 1 Column sucessfully
SUCCESS:ROW : sucessfully added to 'tasks'
SUCCESS:ROW : sucessfully added to 'tasks'
SUCCESS:ROW : sucessfully added to 'tasks'
SUCCESS:ROW : sucessfully added to 'tasks'
SUCCESS:ROW : sucessfully added to 'tasks'
SUCCESS:ROW : sucessfully added to 'tasks'
SUCCESS:ROWS : '5' deleted sucessfully
SUCCESS:ROWS : '6' deleted sucessfully
SUCCESS:ROW : sucessfully added to 'tasks'
SUCCESS:ROW : sucessfully added to 'tasks'
SUCCESS:ROWS : '6' deleted sucessfully
SUCCESS:ROWS : '5' deleted sucessfully
SUCCESS:TABLE : changes made in status,from True -> False
SUCCESS:TABLE : changes made in status,from False -> True
SUCCESS:TABLE : changes made in status,from False -> True
SUCCESS:TABLE : changes made in status,from False -> True
SUCCESS:TABLE : changes made in status,from False -> True
SUCCESS:TABLE : changes made in status,from True -> False
SUCCESS:TABLE : changes made in status,from True -> False
SUCCESS:TABLE : changes made in status,from True -> False
SUCCESS:TABLE : changes made in status,from True -> False
SUCCESS:TABLE : changes made in status,from False -> True
SUCCESS:TABLE : changes made in status,from False -> True
SUCCESS:TABLE : changes made in status,from True -> False
SUCCESS:TABLE : changes made in status,from True -> False
SUCCESS:TABLE : changes made in status,from False -> True
SUCCESS:TABLE : changes made in status,from False -> True
SUCCESS:TABLE : changes made in status,from False -> True
